INFO: [HLS 200-10] Running 'C:/Xilinx/Vitis_HLS/2022.1/bin/unwrapped/win64.o/vitis_hls.exe'
INFO: [HLS 200-10] For user 'srpae' on host 'msi' (Windows NT_amd64 version 6.2) on Sat Nov 12 11:40:47 -0800 2022
INFO: [HLS 200-10] In directory 'C:/Users/srpae/OneDrive/Documents/GitHub/WWES237C_team2/project3/dft_8_precomputed'
Sourcing Tcl script 'C:/Users/srpae/OneDrive/Documents/GitHub/WWES237C_team2/project3/dft_8_precomputed/hls/solution1/csim.tcl'
INFO: [HLS 200-1510] Running: source C:/Users/srpae/OneDrive/Documents/GitHub/WWES237C_team2/project3/dft_8_precomputed/hls/solution1/csim.tcl
INFO: [HLS 200-1510] Running: open_project hls 
INFO: [HLS 200-10] Opening project 'C:/Users/srpae/OneDrive/Documents/GitHub/WWES237C_team2/project3/dft_8_precomputed/hls'.
INFO: [HLS 200-1510] Running: set_top dft 
INFO: [HLS 200-1510] Running: add_files coefficients8.h 
INFO: [HLS 200-10] Adding design file 'coefficients8.h' to the project
INFO: [HLS 200-1510] Running: add_files dft.cpp 
INFO: [HLS 200-10] Adding design file 'dft.cpp' to the project
INFO: [HLS 200-1510] Running: add_files dft.h 
INFO: [HLS 200-10] Adding design file 'dft.h' to the project
INFO: [HLS 200-1510] Running: add_files -tb dft_test.cpp -cflags -Wno-unknown-pragmas -csimflags -Wno-unknown-pragmas 
INFO: [HLS 200-10] Adding test bench file 'dft_test.cpp' to the project
INFO: [HLS 200-1510] Running: add_files -tb out.gold.dat -cflags -Wno-unknown-pragmas -csimflags -Wno-unknown-pragmas 
INFO: [HLS 200-10] Adding test bench file 'out.gold.dat' to the project
INFO: [HLS 200-1510] Running: open_solution solution1 -flow_target vivado 
INFO: [HLS 200-10] Opening solution 'C:/Users/srpae/OneDrive/Documents/GitHub/WWES237C_team2/project3/dft_8_precomputed/hls/solution1'.
INFO: [SYN 201-201] Setting up clock 'default' with a period of 10ns.
INFO: [HLS 200-1611] Setting target device to 'xc7z020-clg484-1'
INFO: [HLS 200-1505] Using flow_target 'vivado'
Resolution: For help on HLS 200-1505 see www.xilinx.com/cgi-bin/docs/rdoc?v=2022.1;t=hls+guidance;d=200-1505.html
INFO: [HLS 200-1464] Running solution command: config_interface -m_axi_latency=0
INFO: [HLS 200-1510] Running: set_part xc7z020-clg484-1 
INFO: [HLS 200-1510] Running: create_clock -period 10 -name default 
INFO: [HLS 200-1510] Running: config_interface -m_axi_latency 0 
INFO: [HLS 200-1510] Running: csim_design -quiet 
INFO: [SIM 211-2] *************** CSIM start ***************
INFO: [SIM 211-4] CSIM will launch GCC as the compiler.
   Compiling ../../../../dft_test.cpp in debug mode
   Compiling ../../../../dft.cpp in debug mode
   Generating csim.exe
----------------------------------------------
   RMSE(R)           RMSE(I)
1.#INF00000000000 0.000000000000000
----------------------------------------------
*******************************************
FAIL: Output DOES NOT match the golden output
*******************************************
@E Simulation failed: Function 'main' returns nonzero value '1'.
ERROR: [SIM 211-100] 'csim_design' failed: nonzero return value.
INFO: [SIM 211-3] *************** CSIM finish ***************
INFO: [HLS 200-111] Finished Command csim_design CPU user time: 1 seconds. CPU system time: 0 seconds. Elapsed time: 2.384 seconds; current allocated memory: 374.203 MB.
4
    while executing
"source C:/Users/srpae/OneDrive/Documents/GitHub/WWES237C_team2/project3/dft_8_precomputed/hls/solution1/csim.tcl"
    invoked from within
"hls::main C:/Users/srpae/OneDrive/Documents/GitHub/WWES237C_team2/project3/dft_8_precomputed/hls/solution1/csim.tcl"
    ("uplevel" body line 1)
    invoked from within
"uplevel 1 hls::main {*}$newargs"
    (procedure "hls_proc" line 16)
    invoked from within
"hls_proc [info nameofexecutable] $argv"
INFO: [HLS 200-112] Total CPU user time: 1 seconds. Total CPU system time: 0 seconds. Total elapsed time: 3.315 seconds; peak allocated memory: 1.102 GB.
